1765030409.702980 client started (76492): version next-3.7, socket /tmp/tmux-1000/default, protocol 8
1765030409.702996 on Linux 6.17.9-arch1-1 #1 SMP PREEMPT_DYNAMIC Mon, 24 Nov 2025 15:21:09 +0000
1765030409.703003 using libevent 2.1.12-stable poll
1765030409.703006 using ncurses 6.5 20240427
1765030409.703015 flags are 0x18010000
1765030409.703017 socket is /tmp/tmux-1000/default
1765030409.703025 trying connect
1765030409.703038 connect failed: No such file or directory
1765030409.703044 lock file is /tmp/tmux-1000/default.lock
1765030409.703054 flock succeeded
1765030409.703057 got lock (6)
1765030409.703060 trying connect
1765030409.703066 connect failed: No such file or directory
1765030409.703156 add peer 0x55d272435240: 7 ((nil))
1765030409.703399 sending message 111 to peer 0x55d272435240 (8 bytes)
1765030409.703408 sending message 111 to peer 0x55d272435240 (8 bytes)
1765030409.703412 sending message 101 to peer 0x55d272435240 (14 bytes)
1765030409.703414 sending message 109 to peer 0x55d272435240 (4 bytes)
1765030409.703417 sending message 102 to peer 0x55d272435240 (11 bytes)
1765030409.703420 sending message 108 to peer 0x55d272435240 (29 bytes)
1765030409.703425 sending message 112 to peer 0x55d272435240 (70 bytes)
1765030409.703430 sending message 112 to peer 0x55d272435240 (5 bytes)
1765030409.703433 sending message 112 to peer 0x55d272435240 (5 bytes)
1765030409.703436 sending message 112 to peer 0x55d272435240 (6 bytes)
1765030409.703440 sending message 112 to peer 0x55d272435240 (6 bytes)
1765030409.703442 sending message 112 to peer 0x55d272435240 (11 bytes)
1765030409.703445 sending message 112 to peer 0x55d272435240 (10 bytes)
1765030409.703448 sending message 112 to peer 0x55d272435240 (13 bytes)
1765030409.703451 sending message 112 to peer 0x55d272435240 (14 bytes)
1765030409.703453 sending message 112 to peer 0x55d272435240 (9 bytes)
1765030409.703456 sending message 112 to peer 0x55d272435240 (21 bytes)
1765030409.703459 sending message 112 to peer 0x55d272435240 (19 bytes)
1765030409.703461 sending message 112 to peer 0x55d272435240 (11 bytes)
1765030409.703464 sending message 112 to peer 0x55d272435240 (21 bytes)
1765030409.703466 sending message 112 to peer 0x55d272435240 (13 bytes)
1765030409.703469 sending message 112 to peer 0x55d272435240 (7 bytes)
1765030409.703472 sending message 112 to peer 0x55d272435240 (13 bytes)
1765030409.703474 sending message 112 to peer 0x55d272435240 (7 bytes)
1765030409.703477 sending message 112 to peer 0x55d272435240 (13 bytes)
1765030409.703480 sending message 112 to peer 0x55d272435240 (9 bytes)
1765030409.703482 sending message 112 to peer 0x55d272435240 (21 bytes)
1765030409.703485 sending message 112 to peer 0x55d272435240 (13 bytes)
1765030409.703488 sending message 112 to peer 0x55d272435240 (9 bytes)
1765030409.703491 sending message 112 to peer 0x55d272435240 (16 bytes)
1765030409.703494 sending message 112 to peer 0x55d272435240 (13 bytes)
1765030409.703497 sending message 112 to peer 0x55d272435240 (9 bytes)
1765030409.703500 sending message 112 to peer 0x55d272435240 (9 bytes)
1765030409.703503 sending message 112 to peer 0x55d272435240 (12 bytes)
1765030409.703506 sending message 112 to peer 0x55d272435240 (8 bytes)
1765030409.703508 sending message 112 to peer 0x55d272435240 (12 bytes)
1765030409.703512 sending message 112 to peer 0x55d272435240 (8 bytes)
1765030409.703515 sending message 112 to peer 0x55d272435240 (13 bytes)
1765030409.703517 sending message 112 to peer 0x55d272435240 (7 bytes)
1765030409.703520 sending message 112 to peer 0x55d272435240 (7 bytes)
1765030409.703523 sending message 112 to peer 0x55d272435240 (9 bytes)
1765030409.703526 sending message 112 to peer 0x55d272435240 (12 bytes)
1765030409.703529 sending message 112 to peer 0x55d272435240 (6 bytes)
1765030409.703532 sending message 112 to peer 0x55d272435240 (9 bytes)
1765030409.703535 sending message 112 to peer 0x55d272435240 (15 bytes)
1765030409.703538 sending message 112 to peer 0x55d272435240 (13 bytes)
1765030409.703541 sending message 112 to peer 0x55d272435240 (9 bytes)
1765030409.703549 sending message 112 to peer 0x55d272435240 (12 bytes)
1765030409.703558 sending message 112 to peer 0x55d272435240 (8 bytes)
1765030409.703561 sending message 112 to peer 0x55d272435240 (14 bytes)
1765030409.703564 sending message 112 to peer 0x55d272435240 (11 bytes)
1765030409.703567 sending message 112 to peer 0x55d272435240 (9 bytes)
1765030409.703570 sending message 112 to peer 0x55d272435240 (10 bytes)
1765030409.703573 sending message 112 to peer 0x55d272435240 (10 bytes)
1765030409.703576 sending message 112 to peer 0x55d272435240 (10 bytes)
1765030409.703579 sending message 112 to peer 0x55d272435240 (10 bytes)
1765030409.703581 sending message 112 to peer 0x55d272435240 (11 bytes)
1765030409.703584 sending message 112 to peer 0x55d272435240 (12 bytes)
1765030409.703587 sending message 112 to peer 0x55d272435240 (12 bytes)
1765030409.703590 sending message 112 to peer 0x55d272435240 (12 bytes)
1765030409.703593 sending message 112 to peer 0x55d272435240 (12 bytes)
1765030409.703595 sending message 112 to peer 0x55d272435240 (12 bytes)
1765030409.703598 sending message 112 to peer 0x55d272435240 (11 bytes)
1765030409.703601 sending message 112 to peer 0x55d272435240 (11 bytes)
1765030409.703604 sending message 112 to peer 0x55d272435240 (12 bytes)
1765030409.703607 sending message 112 to peer 0x55d272435240 (12 bytes)
1765030409.703609 sending message 112 to peer 0x55d272435240 (12 bytes)
1765030409.703612 sending message 112 to peer 0x55d272435240 (12 bytes)
1765030409.703615 sending message 112 to peer 0x55d272435240 (12 bytes)
1765030409.703618 sending message 112 to peer 0x55d272435240 (9 bytes)
1765030409.703621 sending message 112 to peer 0x55d272435240 (12 bytes)
1765030409.703624 sending message 112 to peer 0x55d272435240 (13 bytes)
1765030409.703627 sending message 112 to peer 0x55d272435240 (13 bytes)
1765030409.703630 sending message 112 to peer 0x55d272435240 (13 bytes)
1765030409.703632 sending message 112 to peer 0x55d272435240 (13 bytes)
1765030409.703635 sending message 112 to peer 0x55d272435240 (13 bytes)
1765030409.703638 sending message 112 to peer 0x55d272435240 (8 bytes)
1765030409.703641 sending message 112 to peer 0x55d272435240 (11 bytes)
1765030409.703643 sending message 112 to peer 0x55d272435240 (11 bytes)
1765030409.703646 sending message 112 to peer 0x55d272435240 (11 bytes)
1765030409.703649 sending message 112 to peer 0x55d272435240 (12 bytes)
1765030409.703652 sending message 112 to peer 0x55d272435240 (12 bytes)
1765030409.703654 sending message 112 to peer 0x55d272435240 (12 bytes)
1765030409.703657 sending message 112 to peer 0x55d272435240 (12 bytes)
1765030409.703660 sending message 112 to peer 0x55d272435240 (13 bytes)
1765030409.703663 sending message 112 to peer 0x55d272435240 (13 bytes)
1765030409.703666 sending message 112 to peer 0x55d272435240 (13 bytes)
1765030409.703669 sending message 112 to peer 0x55d272435240 (8 bytes)
1765030409.703672 sending message 112 to peer 0x55d272435240 (13 bytes)
1765030409.703674 sending message 112 to peer 0x55d272435240 (13 bytes)
1765030409.703677 sending message 112 to peer 0x55d272435240 (13 bytes)
1765030409.703680 sending message 112 to peer 0x55d272435240 (13 bytes)
1765030409.703683 sending message 112 to peer 0x55d272435240 (13 bytes)
1765030409.703686 sending message 112 to peer 0x55d272435240 (12 bytes)
1765030409.703689 sending message 112 to peer 0x55d272435240 (12 bytes)
1765030409.703692 sending message 112 to peer 0x55d272435240 (12 bytes)
1765030409.703695 sending message 112 to peer 0x55d272435240 (12 bytes)
1765030409.703698 sending message 112 to peer 0x55d272435240 (13 bytes)
1765030409.703701 sending message 112 to peer 0x55d272435240 (8 bytes)
1765030409.703703 sending message 112 to peer 0x55d272435240 (13 bytes)
1765030409.703706 sending message 112 to peer 0x55d272435240 (13 bytes)
1765030409.703709 sending message 112 to peer 0x55d272435240 (13 bytes)
1765030409.703712 sending message 112 to peer 0x55d272435240 (13 bytes)
1765030409.703715 sending message 112 to peer 0x55d272435240 (13 bytes)
1765030409.703721 sending message 112 to peer 0x55d272435240 (13 bytes)
1765030409.703726 sending message 112 to peer 0x55d272435240 (13 bytes)
1765030409.703729 sending message 112 to peer 0x55d272435240 (12 bytes)
1765030409.703732 sending message 112 to peer 0x55d272435240 (12 bytes)
1765030409.703741 sending message 112 to peer 0x55d272435240 (12 bytes)
1765030409.703744 sending message 112 to peer 0x55d272435240 (8 bytes)
1765030409.703747 sending message 112 to peer 0x55d272435240 (12 bytes)
1765030409.703750 sending message 112 to peer 0x55d272435240 (13 bytes)
1765030409.703753 sending message 112 to peer 0x55d272435240 (13 bytes)
1765030409.703756 sending message 112 to peer 0x55d272435240 (13 bytes)
1765030409.703759 sending message 112 to peer 0x55d272435240 (13 bytes)
1765030409.703761 sending message 112 to peer 0x55d272435240 (13 bytes)
1765030409.703764 sending message 112 to peer 0x55d272435240 (13 bytes)
1765030409.703767 sending message 112 to peer 0x55d272435240 (13 bytes)
1765030409.703770 sending message 112 to peer 0x55d272435240 (13 bytes)
1765030409.703773 sending message 112 to peer 0x55d272435240 (12 bytes)
1765030409.703776 sending message 112 to peer 0x55d272435240 (10 bytes)
1765030409.703779 sending message 112 to peer 0x55d272435240 (12 bytes)
1765030409.703781 sending message 112 to peer 0x55d272435240 (12 bytes)
1765030409.703784 sending message 112 to peer 0x55d272435240 (12 bytes)
1765030409.703787 sending message 112 to peer 0x55d272435240 (13 bytes)
1765030409.703790 sending message 112 to peer 0x55d272435240 (13 bytes)
1765030409.703793 sending message 112 to peer 0x55d272435240 (13 bytes)
1765030409.703795 sending message 112 to peer 0x55d272435240 (13 bytes)
1765030409.703798 sending message 112 to peer 0x55d272435240 (13 bytes)
1765030409.703801 sending message 112 to peer 0x55d272435240 (13 bytes)
1765030409.703804 sending message 112 to peer 0x55d272435240 (13 bytes)
1765030409.703807 sending message 112 to peer 0x55d272435240 (10 bytes)
1765030409.703809 sending message 112 to peer 0x55d272435240 (13 bytes)
1765030409.703812 sending message 112 to peer 0x55d272435240 (12 bytes)
1765030409.703815 sending message 112 to peer 0x55d272435240 (12 bytes)
1765030409.703818 sending message 112 to peer 0x55d272435240 (12 bytes)
1765030409.703821 sending message 112 to peer 0x55d272435240 (10 bytes)
1765030409.703823 sending message 112 to peer 0x55d272435240 (10 bytes)
1765030409.703826 sending message 112 to peer 0x55d272435240 (10 bytes)
1765030409.703829 sending message 112 to peer 0x55d272435240 (12 bytes)
1765030409.703832 sending message 112 to peer 0x55d272435240 (13 bytes)
1765030409.703835 sending message 112 to peer 0x55d272435240 (13 bytes)
1765030409.703838 sending message 112 to peer 0x55d272435240 (13 bytes)
1765030409.703841 sending message 112 to peer 0x55d272435240 (13 bytes)
1765030409.703844 sending message 112 to peer 0x55d272435240 (13 bytes)
1765030409.703846 sending message 112 to peer 0x55d272435240 (10 bytes)
1765030409.703849 sending message 112 to peer 0x55d272435240 (11 bytes)
1765030409.703852 sending message 112 to peer 0x55d272435240 (12 bytes)
1765030409.703855 sending message 112 to peer 0x55d272435240 (12 bytes)
1765030409.703857 sending message 112 to peer 0x55d272435240 (12 bytes)
1765030409.703860 sending message 112 to peer 0x55d272435240 (12 bytes)
1765030409.703863 sending message 112 to peer 0x55d272435240 (12 bytes)
1765030409.703866 sending message 112 to peer 0x55d272435240 (11 bytes)
1765030409.703869 sending message 112 to peer 0x55d272435240 (12 bytes)
1765030409.703871 sending message 112 to peer 0x55d272435240 (12 bytes)
1765030409.703874 sending message 112 to peer 0x55d272435240 (13 bytes)
1765030409.703877 sending message 112 to peer 0x55d272435240 (13 bytes)
1765030409.703880 sending message 112 to peer 0x55d272435240 (13 bytes)
1765030409.703883 sending message 112 to peer 0x55d272435240 (13 bytes)
1765030409.703885 sending message 112 to peer 0x55d272435240 (13 bytes)
1765030409.703888 sending message 112 to peer 0x55d272435240 (10 bytes)
1765030409.703894 sending message 112 to peer 0x55d272435240 (9 bytes)
1765030409.703899 sending message 112 to peer 0x55d272435240 (12 bytes)
1765030409.703902 sending message 112 to peer 0x55d272435240 (13 bytes)
1765030409.703904 sending message 112 to peer 0x55d272435240 (13 bytes)
1765030409.703907 sending message 112 to peer 0x55d272435240 (13 bytes)
1765030409.703910 sending message 112 to peer 0x55d272435240 (13 bytes)
1765030409.703913 sending message 112 to peer 0x55d272435240 (13 bytes)
1765030409.703916 sending message 112 to peer 0x55d272435240 (9 bytes)
1765030409.703919 sending message 112 to peer 0x55d272435240 (12 bytes)
1765030409.703922 sending message 112 to peer 0x55d272435240 (13 bytes)
1765030409.703925 sending message 112 to peer 0x55d272435240 (13 bytes)
1765030409.703927 sending message 112 to peer 0x55d272435240 (13 bytes)
1765030409.703930 sending message 112 to peer 0x55d272435240 (13 bytes)
1765030409.703933 sending message 112 to peer 0x55d272435240 (13 bytes)
1765030409.703936 sending message 112 to peer 0x55d272435240 (11 bytes)
1765030409.703939 sending message 112 to peer 0x55d272435240 (12 bytes)
1765030409.703942 sending message 112 to peer 0x55d272435240 (13 bytes)
1765030409.703944 sending message 112 to peer 0x55d272435240 (13 bytes)
1765030409.703947 sending message 112 to peer 0x55d272435240 (13 bytes)
1765030409.703950 sending message 112 to peer 0x55d272435240 (13 bytes)
1765030409.703953 sending message 112 to peer 0x55d272435240 (13 bytes)
1765030409.703956 sending message 112 to peer 0x55d272435240 (11 bytes)
1765030409.703958 sending message 112 to peer 0x55d272435240 (12 bytes)
1765030409.703961 sending message 112 to peer 0x55d272435240 (12 bytes)
1765030409.703964 sending message 112 to peer 0x55d272435240 (12 bytes)
1765030409.703967 sending message 112 to peer 0x55d272435240 (12 bytes)
1765030409.703970 sending message 112 to peer 0x55d272435240 (12 bytes)
1765030409.703972 sending message 112 to peer 0x55d272435240 (21 bytes)
1765030409.703975 sending message 112 to peer 0x55d272435240 (12 bytes)
1765030409.703978 sending message 112 to peer 0x55d272435240 (9 bytes)
1765030409.703981 sending message 112 to peer 0x55d272435240 (6 bytes)
1765030409.703984 sending message 112 to peer 0x55d272435240 (13 bytes)
1765030409.703987 sending message 112 to peer 0x55d272435240 (10 bytes)
1765030409.703989 sending message 112 to peer 0x55d272435240 (15 bytes)
1765030409.703992 sending message 112 to peer 0x55d272435240 (13 bytes)
1765030409.703995 sending message 112 to peer 0x55d272435240 (9 bytes)
1765030409.703998 sending message 112 to peer 0x55d272435240 (70 bytes)
1765030409.704001 sending message 112 to peer 0x55d272435240 (69 bytes)
1765030409.704003 sending message 112 to peer 0x55d272435240 (34 bytes)
1765030409.704006 sending message 112 to peer 0x55d272435240 (34 bytes)
1765030409.704009 sending message 112 to peer 0x55d272435240 (70 bytes)
1765030409.704012 sending message 112 to peer 0x55d272435240 (12 bytes)
1765030409.704015 sending message 112 to peer 0x55d272435240 (10 bytes)
1765030409.704018 sending message 112 to peer 0x55d272435240 (10 bytes)
1765030409.704021 sending message 112 to peer 0x55d272435240 (15 bytes)
1765030409.704024 sending message 112 to peer 0x55d272435240 (13 bytes)
1765030409.704027 sending message 112 to peer 0x55d272435240 (10 bytes)
1765030409.704029 sending message 112 to peer 0x55d272435240 (10 bytes)
1765030409.704032 sending message 112 to peer 0x55d272435240 (17 bytes)
1765030409.704035 sending message 112 to peer 0x55d272435240 (10 bytes)
1765030409.704037 sending message 112 to peer 0x55d272435240 (13 bytes)
1765030409.704040 sending message 112 to peer 0x55d272435240 (32 bytes)
1765030409.704042 sending message 112 to peer 0x55d272435240 (5 bytes)
1765030409.704045 sending message 112 to peer 0x55d272435240 (9 bytes)
1765030409.704048 sending message 112 to peer 0x55d272435240 (15 bytes)
1765030409.704051 sending message 112 to peer 0x55d272435240 (5 bytes)
1765030409.704054 sending message 104 to peer 0x55d272435240 (0 bytes)
1765030409.704060 sending message 110 to peer 0x55d272435240 (0 bytes)
1765030409.704064 sending message 107 to peer 0x55d272435240 (4 bytes)
1765030409.704068 sending message 105 to peer 0x55d272435240 (20 bytes)
1765030409.704070 sending message 105 to peer 0x55d272435240 (25 bytes)
1765030409.704073 sending message 105 to peer 0x55d272435240 (20 bytes)
1765030409.704076 sending message 105 to peer 0x55d272435240 (22 bytes)
1765030409.704079 sending message 105 to peer 0x55d272435240 (25 bytes)
1765030409.704082 sending message 105 to peer 0x55d272435240 (58 bytes)
1765030409.704085 sending message 105 to peer 0x55d272435240 (26 bytes)
1765030409.704087 sending message 105 to peer 0x55d272435240 (33 bytes)
1765030409.704090 sending message 105 to peer 0x55d272435240 (32 bytes)
1765030409.704093 sending message 105 to peer 0x55d272435240 (20 bytes)
1765030409.704096 sending message 105 to peer 0x55d272435240 (40 bytes)
1765030409.704099 sending message 105 to peer 0x55d272435240 (34 bytes)
1765030409.704101 sending message 105 to peer 0x55d272435240 (19 bytes)
1765030409.704104 sending message 105 to peer 0x55d272435240 (25 bytes)
1765030409.704107 sending message 105 to peer 0x55d272435240 (37 bytes)
1765030409.704110 sending message 105 to peer 0x55d272435240 (47 bytes)
1765030409.704113 sending message 105 to peer 0x55d272435240 (51 bytes)
1765030409.704116 sending message 105 to peer 0x55d272435240 (21 bytes)
1765030409.704119 sending message 105 to peer 0x55d272435240 (25 bytes)
1765030409.704122 sending message 105 to peer 0x55d272435240 (30 bytes)
1765030409.704124 sending message 105 to peer 0x55d272435240 (37 bytes)
1765030409.704127 sending message 105 to peer 0x55d272435240 (64 bytes)
1765030409.704130 sending message 105 to peer 0x55d272435240 (16 bytes)
1765030409.704133 sending message 105 to peer 0x55d272435240 (12 bytes)
1765030409.704136 sending message 105 to peer 0x55d272435240 (15 bytes)
1765030409.704139 sending message 105 to peer 0x55d272435240 (33 bytes)
1765030409.704142 sending message 105 to peer 0x55d272435240 (29 bytes)
1765030409.704145 sending message 105 to peer 0x55d272435240 (15 bytes)
1765030409.704147 sending message 105 to peer 0x55d272435240 (25 bytes)
1765030409.704150 sending message 105 to peer 0x55d272435240 (22 bytes)
1765030409.704153 sending message 105 to peer 0x55d272435240 (27 bytes)
1765030409.704156 sending message 105 to peer 0x55d272435240 (26 bytes)
1765030409.704159 sending message 105 to peer 0x55d272435240 (15 bytes)
1765030409.704162 sending message 105 to peer 0x55d272435240 (41 bytes)
1765030409.704164 sending message 105 to peer 0x55d272435240 (18 bytes)
1765030409.704167 sending message 105 to peer 0x55d272435240 (17 bytes)
1765030409.704170 sending message 105 to peer 0x55d272435240 (30 bytes)
1765030409.704173 sending message 105 to peer 0x55d272435240 (29 bytes)
1765030409.704176 sending message 105 to peer 0x55d272435240 (148 bytes)
1765030409.704178 sending message 105 to peer 0x55d272435240 (20 bytes)
1765030409.704181 sending message 105 to peer 0x55d272435240 (26 bytes)
1765030409.704184 sending message 105 to peer 0x55d272435240 (123 bytes)
1765030409.704187 sending message 105 to peer 0x55d272435240 (52 bytes)
1765030409.704190 sending message 105 to peer 0x55d272435240 (16 bytes)
1765030409.704193 sending message 105 to peer 0x55d272435240 (15 bytes)
1765030409.704196 sending message 105 to peer 0x55d272435240 (38 bytes)
1765030409.704198 sending message 105 to peer 0x55d272435240 (47 bytes)
1765030409.704201 sending message 105 to peer 0x55d272435240 (28 bytes)
1765030409.704204 sending message 105 to peer 0x55d272435240 (179 bytes)
1765030409.704207 sending message 105 to peer 0x55d272435240 (35 bytes)
1765030409.704210 sending message 105 to peer 0x55d272435240 (20 bytes)
1765030409.704213 sending message 105 to peer 0x55d272435240 (19 bytes)
1765030409.704216 sending message 105 to peer 0x55d272435240 (41 bytes)
1765030409.704218 sending message 105 to peer 0x55d272435240 (23 bytes)
1765030409.704221 sending message 105 to peer 0x55d272435240 (29 bytes)
1765030409.704226 sending message 105 to peer 0x55d272435240 (19 bytes)
1765030409.704231 sending message 105 to peer 0x55d272435240 (12 bytes)
1765030409.704234 sending message 105 to peer 0x55d272435240 (24 bytes)
1765030409.704236 sending message 105 to peer 0x55d272435240 (17 bytes)
1765030409.704239 sending message 105 to peer 0x55d272435240 (23 bytes)
1765030409.704242 sending message 105 to peer 0x55d272435240 (216 bytes)
1765030409.704245 sending message 105 to peer 0x55d272435240 (90 bytes)
1765030409.704248 sending message 105 to peer 0x55d272435240 (11 bytes)
1765030409.704250 sending message 105 to peer 0x55d272435240 (8 bytes)
1765030409.704253 sending message 105 to peer 0x55d272435240 (21 bytes)
1765030409.704256 sending message 105 to peer 0x55d272435240 (19 bytes)
1765030409.704259 sending message 105 to peer 0x55d272435240 (11 bytes)
1765030409.704262 sending message 105 to peer 0x55d272435240 (17 bytes)
1765030409.704264 sending message 105 to peer 0x55d272435240 (20 bytes)
1765030409.704267 sending message 105 to peer 0x55d272435240 (41 bytes)
1765030409.704271 sending message 105 to peer 0x55d272435240 (31 bytes)
1765030409.704274 sending message 105 to peer 0x55d272435240 (50 bytes)
1765030409.704276 sending message 105 to peer 0x55d272435240 (16 bytes)
1765030409.704279 sending message 105 to peer 0x55d272435240 (42 bytes)
1765030409.704282 sending message 105 to peer 0x55d272435240 (26 bytes)
1765030409.704285 sending message 105 to peer 0x55d272435240 (223 bytes)
1765030409.704288 sending message 105 to peer 0x55d272435240 (33 bytes)
1765030409.704291 sending message 105 to peer 0x55d272435240 (12 bytes)
1765030409.704294 sending message 105 to peer 0x55d272435240 (54 bytes)
1765030409.704296 sending message 105 to peer 0x55d272435240 (28 bytes)
1765030409.704299 sending message 105 to peer 0x55d272435240 (124 bytes)
1765030409.704302 sending message 105 to peer 0x55d272435240 (36 bytes)
1765030409.704305 sending message 105 to peer 0x55d272435240 (36 bytes)
1765030409.704308 sending message 105 to peer 0x55d272435240 (28 bytes)
1765030409.704310 sending message 105 to peer 0x55d272435240 (34 bytes)
1765030409.704313 sending message 105 to peer 0x55d272435240 (19 bytes)
1765030409.704316 sending message 105 to peer 0x55d272435240 (21 bytes)
1765030409.704319 sending message 105 to peer 0x55d272435240 (16 bytes)
1765030409.704322 sending message 106 to peer 0x55d272435240 (0 bytes)
1765030409.704364 sending message 200 to peer 0x55d272435240 (4 bytes)
1765030409.704368 client loop enter
1765030409.704378 client_signal: Child exited
1765030409.738486 peer 0x55d272435240 message 207
1765030409.738502 sending message 208 to peer 0x55d272435240 (0 bytes)
1765030414.230941 peer 0x55d272435240 message 201
1765030414.230949 sending message 205 to peer 0x55d272435240 (0 bytes)
1765030414.231249 peer 0x55d272435240 message 204
1765030414.231256 client loop exit
